$ cmake -DCMAKE_TOOLCHAIN_FILE=Android64.cmake ..
-- Android: Targeting API '25' with architecture 'arm64', ABI 'arm64-v8a', and processor 'aarch64'
-- Android: Selected unified Clang toolchain
-- The C compiler identification is Clang 14.0.6
-- The CXX compiler identification is Clang 14.0.6
-- Detecting C compiler ABI info
-- Detecting C compiler ABI info - failed
-- Check for working C compiler: /home/kredsya/Android/Sdk/ndk/25.1.8937393/toolchains/llvm/prebuilt/linux-x86_64/bin/clang
-- Check for working C compiler: /home/kredsya/Android/Sdk/ndk/25.1.8937393/toolchains/llvm/prebuilt/linux-x86_64/bin/clang - broken
CMake Error at /snap/cmake/1381/share/cmake-3.29/Modules/CMakeTestCCompiler.cmake:67 (message):
  The C compiler

    "/home/kredsya/Android/Sdk/ndk/25.1.8937393/toolchains/llvm/prebuilt/linux-x86_64/bin/clang"

  is not able to compile a simple test program.

  It fails with the following output:

    Change Dir: '/home/kredsya/study/test/CMakeFiles/CMakeScratch/TryCompile-ZgC3Z5'
    
    Run Build Command(s): /snap/cmake/1381/bin/cmake -E env VERBOSE=1 /usr/bin/gmake -f Makefile cmTC_9a8a5/fast
    /usr/bin/gmake  -f CMakeFiles/cmTC_9a8a5.dir/build.make CMakeFiles/cmTC_9a8a5.dir/build
    gmake[1]: Entering directory '/home/kredsya/study/test/CMakeFiles/CMakeScratch/TryCompile-ZgC3Z5'
    Building C object CMakeFiles/cmTC_9a8a5.dir/testCCompiler.c.o
    /home/kredsya/Android/Sdk/ndk/25.1.8937393/toolchains/llvm/prebuilt/linux-x86_64/bin/clang --target=aarch64-none-linux-android25   -DANDROID -fdata-sections -ffunction-sections -funwind-tables -fstack-protector-strong -no-canonical-prefixes -D_FORTIFY_SOURCE=2 -Wformat -Werror=format-security -fexceptions  -O2 -g -DNDEBUG -MD -MT CMakeFiles/cmTC_9a8a5.dir/testCCompiler.c.o -MF CMakeFiles/cmTC_9a8a5.dir/testCCompiler.c.o.d -o CMakeFiles/cmTC_9a8a5.dir/testCCompiler.c.o -c /home/kredsya/study/test/CMakeFiles/CMakeScratch/TryCompile-ZgC3Z5/testCCompiler.c
    Linking C executable cmTC_9a8a5
    /snap/cmake/1381/bin/cmake -E cmake_link_script CMakeFiles/cmTC_9a8a5.dir/link.txt --verbose=1
    /home/kredsya/Android/Sdk/ndk/25.1.8937393/toolchains/llvm/prebuilt/linux-x86_64/bin/clang --target=aarch64-none-linux-android25 -DANDROID -fdata-sections -ffunction-sections -funwind-tables -fstack-protector-strong -no-canonical-prefixes -D_FORTIFY_SOURCE=2 -Wformat -Werror=format-security -fexceptions  -O2 -g -DNDEBUG -Wl,--build-id=sha1 -Wl,--no-rosegment -Wl,--fatal-warnings -Wl,--gc-sections -Qunused-arguments -Wl,--no-undefined  -Wl,--gc-sections  CMakeFiles/cmTC_9a8a5.dir/testCCompiler.c.o -o cmTC_9a8a5   -latomic -lm
    ld: error: cannot open crtbegin_dynamic.o: No such file or directory
    ld: error: cannot open crtend_android.o: No such file or directory
    clang: error: linker command failed with exit code 1 (use -v to see invocation)
    gmake[1]: *** [CMakeFiles/cmTC_9a8a5.dir/build.make:100: cmTC_9a8a5] Error 1
    gmake[1]: Leaving directory '/home/kredsya/study/test/CMakeFiles/CMakeScratch/TryCompile-ZgC3Z5'
    gmake: *** [Makefile:127: cmTC_9a8a5/fast] Error 2
    
    

  

  CMake will not be able to correctly generate this project.
Call Stack (most recent call first):
  CMakeLists.txt:2 (project)


-- Configuring incomplete, errors occurred!